


          SolidWorks Corporation - STEP Processor Error Log
          ______________________________________________________

                       STEP Post Processor
                       ___________________


STEP File Name: C:\Users\guigur\Documents\github\Margoulineur2000\REVB\PROTEUS\margoulineur2000RevB_2.STEP



Error: Le type d'entité n'est pas supporté
STEP: entrée n'a pas été terminée correctement.

Error: Le type d'entité n'est pas supporté
STEP: entrée n'a pas été terminée correctement.

Error: Le type d'entité n'est pas supporté
STEP: entrée n'a pas été terminée correctement.

Error: Le type d'entité n'est pas supporté
STEP: entrée n'a pas été terminée correctement.

Error: Le type d'entité n'est pas supporté
STEP: entrée n'a pas été terminée correctement.

Error: Le type d'entité n'est pas supporté
STEP: entrée n'a pas été terminée correctement.

Error: Le type d'entité n'est pas supporté
STEP: entrée n'a pas été terminée correctement.

Error: Le type d'entité n'est pas supporté
STEP: entrée n'a pas été terminée correctement.

Error: Le type d'entité n'est pas supporté
STEP: entrée n'a pas été terminée correctement.

Error: Le type d'entité n'est pas supporté
STEP: entrée n'a pas été terminée correctement.

Error: Le type d'entité n'est pas supporté
STEP: entrée n'a pas été terminée correctement.

Error: Le type d'entité n'est pas supporté
STEP: entrée n'a pas été terminée correctement.

Error: Le type d'entité n'est pas supporté
STEP: entrée n'a pas été terminée correctement.

Error: Le type d'entité n'est pas supporté
STEP: entrée n'a pas été terminée correctement.

Error: Le type d'entité n'est pas supporté
STEP: entrée n'a pas été terminée correctement.

Error: Le type d'entité n'est pas supporté
STEP: entrée n'a pas été terminée correctement.

Error: Le type d'entité n'est pas supporté
STEP: entrée n'a pas été terminée correctement.

Error: Le type d'entité n'est pas supporté
STEP: entrée n'a pas été terminée correctement.

Error: Le type d'entité n'est pas supporté
STEP: entrée n'a pas été terminée correctement.

Error: Le type d'entité n'est pas supporté
STEP: entrée n'a pas été terminée correctement.

Error: Le type d'entité n'est pas supporté
STEP: entrée n'a pas été terminée correctement.

Error: Le type d'entité n'est pas supporté
STEP: entrée n'a pas été terminée correctement.

Error: Le type d'entité n'est pas supporté
STEP: entrée n'a pas été terminée correctement.

Error: Le type d'entité n'est pas supporté
STEP: entrée n'a pas été terminée correctement.

Error: Le type d'entité n'est pas supporté
STEP: entrée n'a pas été terminée correctement.

Error: Le type d'entité n'est pas supporté
STEP: entrée n'a pas été terminée correctement.

Error: Le type d'entité n'est pas supporté
STEP: entrée n'a pas été terminée correctement.

Error: Le type d'entité n'est pas supporté
STEP: entrée n'a pas été terminée correctement.

Error: Le type d'entité n'est pas supporté
STEP: entrée n'a pas été terminée correctement.

Error: Le type d'entité n'est pas supporté
STEP: entrée n'a pas été terminée correctement.

Error: Le type d'entité n'est pas supporté
STEP: entrée n'a pas été terminée correctement.

Error: Le type d'entité n'est pas supporté
STEP: entrée n'a pas été terminée correctement.

Error: Le type d'entité n'est pas supporté
STEP: entrée n'a pas été terminée correctement.

Error: Le type d'entité n'est pas supporté
STEP: entrée n'a pas été terminée correctement.

Error: Le type d'entité n'est pas supporté
STEP: entrée n'a pas été terminée correctement.

Error: Le type d'entité n'est pas supporté
STEP: entrée n'a pas été terminée correctement.

Error: Le type d'entité n'est pas supporté
STEP: entrée n'a pas été terminée correctement.

Error: Le type d'entité n'est pas supporté
STEP: entrée n'a pas été terminée correctement.

Error: Le type d'entité n'est pas supporté
STEP: entrée n'a pas été terminée correctement.

Error: Le type d'entité n'est pas supporté
STEP: entrée n'a pas été terminée correctement.

Error: Le type d'entité n'est pas supporté
STEP: entrée n'a pas été terminée correctement.

Error: Le type d'entité n'est pas supporté
STEP: entrée n'a pas été terminée correctement.

Error: Le type d'entité n'est pas supporté
STEP: entrée n'a pas été terminée correctement.

Error: Le type d'entité n'est pas supporté
STEP: entrée n'a pas été terminée correctement.

Error: Le type d'entité n'est pas supporté
STEP: entrée n'a pas été terminée correctement.

Error: Le type d'entité n'est pas supporté
STEP: entrée n'a pas été terminée correctement.

Error: Le type d'entité n'est pas supporté
STEP: entrée n'a pas été terminée correctement.

Error: Le type d'entité n'est pas supporté
STEP: entrée n'a pas été terminée correctement.

Error: Le type d'entité n'est pas supporté
STEP: entrée n'a pas été terminée correctement.

Error: Le type d'entité n'est pas supporté
STEP: entrée n'a pas été terminée correctement.

Error: Le type d'entité n'est pas supporté
STEP: entrée n'a pas été terminée correctement.

Error: Le type d'entité n'est pas supporté
STEP: entrée n'a pas été terminée correctement.

Error: Le type d'entité n'est pas supporté
STEP: entrée n'a pas été terminée correctement.

Error: Le type d'entité n'est pas supporté
STEP: entrée n'a pas été terminée correctement.

Error: Le type d'entité n'est pas supporté
STEP: entrée n'a pas été terminée correctement.

Error: Le type d'entité n'est pas supporté
STEP: entrée n'a pas été terminée correctement.

Error: Le type d'entité n'est pas supporté
STEP: entrée n'a pas été terminée correctement.

Error: Le type d'entité n'est pas supporté
STEP: entrée n'a pas été terminée correctement.

Error: Le type d'entité n'est pas supporté
STEP: entrée n'a pas été terminée correctement.

Error: Le type d'entité n'est pas supporté
STEP: entrée n'a pas été terminée correctement.

Error: Le type d'entité n'est pas supporté
STEP: entrée n'a pas été terminée correctement.

Error: Le type d'entité n'est pas supporté
STEP: entrée n'a pas été terminée correctement.

Error: Le type d'entité n'est pas supporté
STEP: entrée n'a pas été terminée correctement.

Error: Le type d'entité n'est pas supporté
STEP: entrée n'a pas été terminée correctement.

Error: Le type d'entité n'est pas supporté
STEP: entrée n'a pas été terminée correctement.

Error: Le type d'entité n'est pas supporté
STEP: entrée n'a pas été terminée correctement.

Error: Le type d'entité n'est pas supporté
STEP: entrée n'a pas été terminée correctement.

Error: Le type d'entité n'est pas supporté
STEP: entrée n'a pas été terminée correctement.

Error: Le type d'entité n'est pas supporté
STEP: entrée n'a pas été terminée correctement.

Error: Le type d'entité n'est pas supporté
STEP: entrée n'a pas été terminée correctement.

Error: Le type d'entité n'est pas supporté
STEP: entrée n'a pas été terminée correctement.

Error: Le type d'entité n'est pas supporté
STEP: entrée n'a pas été terminée correctement.

Error: Le type d'entité n'est pas supporté
STEP: entrée n'a pas été terminée correctement.

Error: Le type d'entité n'est pas supporté
STEP: entrée n'a pas été terminée correctement.

Error: Le type d'entité n'est pas supporté
STEP: entrée n'a pas été terminée correctement.

Error: Le type d'entité n'est pas supporté
STEP: entrée n'a pas été terminée correctement.

Error: Le type d'entité n'est pas supporté
STEP: entrée n'a pas été terminée correctement.

Error: Le type d'entité n'est pas supporté
STEP: entrée n'a pas été terminée correctement.

Error: Le type d'entité n'est pas supporté
STEP: entrée n'a pas été terminée correctement.

Error: Le type d'entité n'est pas supporté
STEP: entrée n'a pas été terminée correctement.

Error: Le type d'entité n'est pas supporté
STEP: entrée n'a pas été terminée correctement.

Error: Le type d'entité n'est pas supporté
STEP: entrée n'a pas été terminée correctement.

Error: Le type d'entité n'est pas supporté
STEP: entrée n'a pas été terminée correctement.

Error: Le type d'entité n'est pas supporté
STEP: entrée n'a pas été terminée correctement.

Error: Le type d'entité n'est pas supporté
STEP: entrée n'a pas été terminée correctement.

Error: Le type d'entité n'est pas supporté
STEP: entrée n'a pas été terminée correctement.

Error: Le type d'entité n'est pas supporté
STEP: entrée n'a pas été terminée correctement.

Error: Le type d'entité n'est pas supporté
STEP: entrée n'a pas été terminée correctement.

Error: Le type d'entité n'est pas supporté
STEP: entrée n'a pas été terminée correctement.

Error: Le type d'entité n'est pas supporté
STEP: entrée n'a pas été terminée correctement.

Error: Le type d'entité n'est pas supporté
STEP: entrée n'a pas été terminée correctement.

Error: Le type d'entité n'est pas supporté
STEP: entrée n'a pas été terminée correctement.

Error: Le type d'entité n'est pas supporté
STEP: entrée n'a pas été terminée correctement.

Error: Le type d'entité n'est pas supporté
STEP: entrée n'a pas été terminée correctement.

Error: Le type d'entité n'est pas supporté
STEP: entrée n'a pas été terminée correctement.

Error: Le type d'entité n'est pas supporté
STEP: entrée n'a pas été terminée correctement.

Error: Le type d'entité n'est pas supporté
STEP: entrée n'a pas été terminée correctement.

Error: Le type d'entité n'est pas supporté
STEP: entrée n'a pas été terminée correctement.

Error: Le type d'entité n'est pas supporté
STEP: entrée n'a pas été terminée correctement.

Error: Le type d'entité n'est pas supporté
STEP: entrée n'a pas été terminée correctement.

Error: Le type d'entité n'est pas supporté
STEP: entrée n'a pas été terminée correctement.

Error: Le type d'entité n'est pas supporté
STEP: entrée n'a pas été terminée correctement.

Error: Le type d'entité n'est pas supporté
STEP: entrée n'a pas été terminée correctement.

Error: Le type d'entité n'est pas supporté
STEP: entrée n'a pas été terminée correctement.

Error: Le type d'entité n'est pas supporté
STEP: entrée n'a pas été terminée correctement.

Error: Le type d'entité n'est pas supporté
STEP: entrée n'a pas été terminée correctement.

Error: Le type d'entité n'est pas supporté
STEP: entrée n'a pas été terminée correctement.

Error: Le type d'entité n'est pas supporté
STEP: entrée n'a pas été terminée correctement.

Error: Le type d'entité n'est pas supporté
STEP: entrée n'a pas été terminée correctement.

Error: Le type d'entité n'est pas supporté
STEP: entrée n'a pas été terminée correctement.

Error: Le type d'entité n'est pas supporté
STEP: entrée n'a pas été terminée correctement.

Error: Le type d'entité n'est pas supporté
STEP: entrée n'a pas été terminée correctement.

Error: Le type d'entité n'est pas supporté
STEP: entrée n'a pas été terminée correctement.

Error: Le type d'entité n'est pas supporté
STEP: entrée n'a pas été terminée correctement.

Error: Le type d'entité n'est pas supporté
STEP: entrée n'a pas été terminée correctement.

Error: Le type d'entité n'est pas supporté
STEP: entrée n'a pas été terminée correctement.

Error: Le type d'entité n'est pas supporté
STEP: entrée n'a pas été terminée correctement.

Error: Le type d'entité n'est pas supporté
STEP: entrée n'a pas été terminée correctement.

Error: Le type d'entité n'est pas supporté
STEP: entrée n'a pas été terminée correctement.

Error: Le type d'entité n'est pas supporté
STEP: entrée n'a pas été terminée correctement.

Error: Le type d'entité n'est pas supporté
STEP: entrée n'a pas été terminée correctement.

Error: Le type d'entité n'est pas supporté
STEP: entrée n'a pas été terminée correctement.

Error: Le type d'entité n'est pas supporté
STEP: entrée n'a pas été terminée correctement.

Error: Le type d'entité n'est pas supporté
STEP: entrée n'a pas été terminée correctement.

Error: Le type d'entité n'est pas supporté
STEP: entrée n'a pas été terminée correctement.

Error: Le type d'entité n'est pas supporté
STEP: entrée n'a pas été terminée correctement.

Error: Le type d'entité n'est pas supporté
STEP: entrée n'a pas été terminée correctement.

Error: Le type d'entité n'est pas supporté
STEP: entrée n'a pas été terminée correctement.

Error: Le type d'entité n'est pas supporté
STEP: entrée n'a pas été terminée correctement.

Error: Le type d'entité n'est pas supporté
STEP: entrée n'a pas été terminée correctement.

Error: Le type d'entité n'est pas supporté
STEP: entrée n'a pas été terminée correctement.

Error: Le type d'entité n'est pas supporté
STEP: entrée n'a pas été terminée correctement.

Error: Le type d'entité n'est pas supporté
STEP: entrée n'a pas été terminée correctement.

Error: Le type d'entité n'est pas supporté
STEP: entrée n'a pas été terminée correctement.

Error: Le type d'entité n'est pas supporté
STEP: entrée n'a pas été terminée correctement.

Error: Le type d'entité n'est pas supporté
STEP: entrée n'a pas été terminée correctement.

Error: Le type d'entité n'est pas supporté
STEP: entrée n'a pas été terminée correctement.

Error: Le type d'entité n'est pas supporté
STEP: entrée n'a pas été terminée correctement.

Error: Le type d'entité n'est pas supporté
STEP: entrée n'a pas été terminée correctement.

Error: Le type d'entité n'est pas supporté
STEP: entrée n'a pas été terminée correctement.

Error: Le type d'entité n'est pas supporté
STEP: entrée n'a pas été terminée correctement.

Error: Le type d'entité n'est pas supporté
STEP: entrée n'a pas été terminée correctement.

Error: Le type d'entité n'est pas supporté
STEP: entrée n'a pas été terminée correctement.

Error: Le type d'entité n'est pas supporté
STEP: entrée n'a pas été terminée correctement.

Error: Le type d'entité n'est pas supporté
STEP: entrée n'a pas été terminée correctement.

Error: Le type d'entité n'est pas supporté
STEP: entrée n'a pas été terminée correctement.

Error: Le type d'entité n'est pas supporté
STEP: entrée n'a pas été terminée correctement.

Error: Le type d'entité n'est pas supporté
STEP: entrée n'a pas été terminée correctement.
Les surfaces ont été correctement transformées en un corps volumique.
STEP: entrée terminée.Les surfaces ont été correctement transformées en un corps volumique.
STEP: entrée terminée.Les surfaces ont été correctement transformées en un corps volumique.
STEP: entrée terminée.Les surfaces ont été correctement transformées en un corps volumique.
STEP: entrée terminée.Les surfaces ont été correctement transformées en un corps volumique.
STEP: entrée terminée.Les surfaces ont été correctement transformées en un corps volumique.
STEP: entrée terminée.
Error: Ne peut pas créer de volume à partir de surfaces ajustées.
STEP: entrée n'a pas été terminée correctement.
Les surfaces ont été correctement transformées en un corps volumique.
STEP: entrée terminée.Les surfaces ont été correctement transformées en un corps volumique.
STEP: entrée terminée.Les surfaces ont été correctement transformées en un corps volumique.
STEP: entrée terminée.Les surfaces ont été correctement transformées en un corps volumique.
STEP: entrée terminée.Les surfaces ont été correctement transformées en un corps volumique.
STEP: entrée terminée.Les surfaces ont été correctement transformées en un corps volumique.
STEP: entrée terminée.Les surfaces ont été correctement transformées en un corps volumique.
STEP: entrée terminée.Les surfaces ont été correctement transformées en un corps volumique.
STEP: entrée terminée.Les surfaces ont été correctement transformées en un corps volumique.
STEP: entrée terminée.Les surfaces ont été correctement transformées en un corps volumique.
STEP: entrée terminée.Les surfaces ont été correctement transformées en un corps volumique.
STEP: entrée terminée.Les surfaces ont été correctement transformées en un corps volumique.
STEP: entrée terminée.Les surfaces ont été correctement transformées en un corps volumique.
STEP: entrée terminée.Les surfaces ont été correctement transformées en un corps volumique.
STEP: entrée terminée.Les surfaces ont été correctement transformées en un corps volumique.
STEP: entrée terminée.Les surfaces ont été correctement transformées en un corps volumique.
STEP: entrée terminée.Les surfaces ont été correctement transformées en un corps volumique.
STEP: entrée terminée.Les surfaces ont été correctement transformées en un corps volumique.
STEP: entrée terminée.Les surfaces ont été correctement transformées en un corps volumique.
STEP: entrée terminée.Les surfaces ont été correctement transformées en un corps volumique.
STEP: entrée terminée.Les surfaces ont été correctement transformées en un corps volumique.
STEP: entrée terminée.Les surfaces ont été correctement transformées en un corps volumique.
STEP: entrée terminée.Les surfaces ont été correctement transformées en un corps volumique.
STEP: entrée terminée.Les surfaces ont été correctement transformées en un corps volumique.
STEP: entrée terminée.Les surfaces ont été correctement transformées en un corps volumique.
STEP: entrée terminée.Les surfaces ont été correctement transformées en un corps volumique.
STEP: entrée terminée.Les surfaces ont été correctement transformées en un corps volumique.
STEP: entrée terminée.Les surfaces ont été correctement transformées en un corps volumique.
STEP: entrée terminée.Les surfaces ont été correctement transformées en un corps volumique.
STEP: entrée terminée.Les surfaces ont été correctement transformées en un corps volumique.
STEP: entrée terminée.Les surfaces ont été correctement transformées en un corps volumique.
STEP: entrée terminée.Les surfaces ont été correctement transformées en un corps volumique.
STEP: entrée terminée.Les surfaces ont été correctement transformées en un corps volumique.
STEP: entrée terminée.Les surfaces ont été correctement transformées en un corps volumique.
STEP: entrée terminée.Les surfaces ont été correctement transformées en un corps volumique.
STEP: entrée terminée.Les surfaces ont été correctement transformées en un corps volumique.
STEP: entrée terminée.Les surfaces ont été correctement transformées en un corps volumique.
STEP: entrée terminée.Les surfaces ont été correctement transformées en un corps volumique.
STEP: entrée terminée.Les surfaces ont été correctement transformées en un corps volumique.
STEP: entrée terminée.Les surfaces ont été correctement transformées en un corps volumique.
STEP: entrée terminée.Les surfaces ont été correctement transformées en un corps volumique.
STEP: entrée terminée.Les surfaces ont été correctement transformées en un corps volumique.
STEP: entrée terminée.Les surfaces ont été correctement transformées en un corps volumique.
STEP: entrée terminée.Les surfaces ont été correctement transformées en un corps volumique.
STEP: entrée terminée.Les surfaces ont été correctement transformées en un corps volumique.
STEP: entrée terminée.Les surfaces ont été correctement transformées en un corps volumique.
STEP: entrée terminée.Les surfaces ont été correctement transformées en un corps volumique.
STEP: entrée terminée.Les surfaces ont été correctement transformées en un corps volumique.
STEP: entrée terminée.Les surfaces ont été correctement transformées en un corps volumique.
STEP: entrée terminée.Les surfaces ont été correctement transformées en un corps volumique.
STEP: entrée terminée.Les surfaces ont été correctement transformées en un corps volumique.
STEP: entrée terminée.Les surfaces ont été correctement transformées en un corps volumique.
STEP: entrée terminée.Les surfaces ont été correctement transformées en un corps volumique.
STEP: entrée terminée.Les surfaces ont été correctement transformées en un corps volumique.
STEP: entrée terminée.Les surfaces ont été correctement transformées en un corps volumique.
STEP: entrée terminée.Les surfaces ont été correctement transformées en un corps volumique.
STEP: entrée terminée.Les surfaces ont été correctement transformées en un corps volumique.
STEP: entrée terminée.Les surfaces ont été correctement transformées en un corps volumique.
STEP: entrée terminée.Les surfaces ont été correctement transformées en un corps volumique.
STEP: entrée terminée.Les surfaces ont été correctement transformées en un corps volumique.
STEP: entrée terminée.Les surfaces ont été correctement transformées en un corps volumique.
STEP: entrée terminée.Les surfaces ont été correctement transformées en un corps volumique.
STEP: entrée terminée.Les surfaces ont été correctement transformées en un corps volumique.
STEP: entrée terminée.Les surfaces ont été correctement transformées en un corps volumique.
STEP: entrée terminée.Les surfaces ont été correctement transformées en un corps volumique.
STEP: entrée terminée.Les surfaces ont été correctement transformées en un corps volumique.
STEP: entrée terminée.Les surfaces ont été correctement transformées en un corps volumique.
STEP: entrée terminée.Les surfaces ont été correctement transformées en un corps volumique.
STEP: entrée terminée.